[TIME]:2019-09-20 20:40:17 ERROR : IndexController控制器中qewq方法不存在
[TIME]:2019-09-20 21:02:13 ERROR : IndexController控制器中qewq方法不存在
[TIME]:2019-09-20 21:02:21 ERROR : IndexController控制器中qewq方法不存在
[TIME]:2019-09-20 21:02:27 ERROR : IndexController控制器中qewq方法不存在
[TIME]:2019-09-20 21:16:25 ERROR : syntax error, unexpected '}'D:\lamp\Apache24\htdocs\kuaixueapp\Index\Controller\IndexController.class.php第11行
[TIME]:2019-09-20 21:17:17 ERROR : syntax error, unexpected '}'D:\lamp\Apache24\htdocs\kuaixueapp\Index\Controller\IndexController.class.php第11行
[TIME]:2019-09-20 21:31:20 ERROR : syntax error, unexpected '}'D:\lamp\Apache24\htdocs\kuaixueapp\Index\Controller\IndexController.class.php第11行
[TIME]:2019-09-20 21:34:50 ERROR : syntax error, unexpected '}'D:\lamp\Apache24\htdocs\kuaixueapp\Index\Controller\IndexController.class.php第11行
[TIME]:2019-09-20 21:35:46 ERROR : syntax error, unexpected '{', expecting '('D:\lamp\Apache24\htdocs\kuaixueapp\KUAIXUEPHP\Extends\Tool\Model.class.php第6行
[TIME]:2019-09-20 21:37:41 ERROR : syntax error, unexpected '{', expecting '('D:\lamp\Apache24\htdocs\kuaixueapp\KUAIXUEPHP\Extends\Tool\Model.class.php第6行
[TIME]:2019-09-20 21:40:33 ERROR : syntax error, unexpected '{', expecting '('D:\lamp\Apache24\htdocs\kuaixueapp\KUAIXUEPHP\Extends\Tool\Model.class.php第6行
[TIME]:2019-09-20 21:42:16 ERROR : syntax error, unexpected '{', expecting '('D:\lamp\Apache24\htdocs\kuaixueapp\KUAIXUEPHP\Extends\Tool\Model.class.php第6行
[TIME]:2019-09-20 21:42:23 ERROR : syntax error, unexpected '{', expecting '('D:\lamp\Apache24\htdocs\kuaixueapp\KUAIXUEPHP\Extends\Tool\Model.class.php第6行
[TIME]:2019-09-20 21:42:47 ERROR : syntax error, unexpected '{', expecting '('D:\lamp\Apache24\htdocs\kuaixueapp\KUAIXUEPHP\Extends\Tool\Model.class.php第6行
[TIME]:2019-09-20 21:43:32 ERROR : syntax error, unexpected '{', expecting '('D:\lamp\Apache24\htdocs\kuaixueapp\KUAIXUEPHP\Extends\Tool\Model.class.php第6行
[TIME]:2019-09-20 21:43:34 ERROR : syntax error, unexpected '{', expecting '('D:\lamp\Apache24\htdocs\kuaixueapp\KUAIXUEPHP\Extends\Tool\Model.class.php第6行
[TIME]:2019-09-20 21:44:46 ERROR : 数据库链接错误，请检查配置项
[TIME]:2019-09-20 21:45:30 ERROR : 请先配置数据库
[TIME]:2019-09-20 21:45:30 ERROR : 数据库链接错误，请检查配置项
[TIME]:2019-09-20 21:46:02 ERROR : 请先配置数据库
[TIME]:2019-09-20 21:46:02 ERROR : 数据库链接错误，请检查配置项
